<?xml version="1.0" encoding="UTF-8"?>
<!-- Generated by org.testng.reporters.JUnitReportReporter -->
<testsuite name="com.Test.AssertionTest" tests="2" time="10.530" ignored="0" failures="0" timestamp="11 Jun 2018 16:17:51 GMT" skipped="0" hostname="HDC0005363" errors="0">
  <testcase name="googleLogoTest" time="4.712" classname="com.Test.AssertionTest"/>
  <testcase name="googleTitleTest" time="5.818" classname="com.Test.AssertionTest"/>
</testsuite> <!-- com.Test.AssertionTest -->
