<?xml version="1.0" encoding="UTF-8"?>
<!-- Generated by org.testng.reporters.JUnitReportReporter -->
<testsuite name="com.Test.ExpectedExceptionsTest" tests="1" time="0.002" ignored="0" failures="0" timestamp="11 Jun 2018 16:17:51 GMT" skipped="0" hostname="HDC0005363" errors="0">
  <testcase name="test" time="0.002" classname="com.Test.ExpectedExceptionsTest"/>
</testsuite> <!-- com.Test.ExpectedExceptionsTest -->
