<?xml version="1.0" encoding="UTF-8"?>
<!-- Generated by org.testng.reporters.JUnitReportReporter -->
<testsuite name="com.Test.GoogleTest" tests="3" time="15.752" ignored="0" failures="0" timestamp="11 Jun 2018 16:17:51 GMT" skipped="0" hostname="HDC0005363" errors="0">
  <testcase name="googleGmailTest" time="5.220" classname="com.Test.GoogleTest"/>
  <testcase name="googleLogoTest" time="5.226" classname="com.Test.GoogleTest"/>
  <testcase name="googleTitleTest" time="5.306" classname="com.Test.GoogleTest"/>
</testsuite> <!-- com.Test.GoogleTest -->
