<?xml version="1.0" encoding="UTF-8"?>
<!-- Generated by org.testng.reporters.JUnitReportReporter -->
<testsuite name="com.datadriven.test.HalfEbayTest" tests="4" time="39.954" ignored="0" failures="0" timestamp="14 Jun 2018 10:10:25 GMT" skipped="0" hostname="HDC0005363" errors="0">
  <testcase name="halfEbayRegPageTest" time="9.792" classname="com.datadriven.test.HalfEbayTest"/>
  <testcase name="halfEbayRegPageTest" time="9.417" classname="com.datadriven.test.HalfEbayTest"/>
  <testcase name="halfEbayRegPageTest" time="11.254" classname="com.datadriven.test.HalfEbayTest"/>
  <testcase name="halfEbayRegPageTest" time="9.491" classname="com.datadriven.test.HalfEbayTest"/>
</testsuite> <!-- com.datadriven.test.HalfEbayTest -->
