<?xml version="1.0" encoding="UTF-8"?>
<!-- Generated by org.testng.reporters.JUnitReportReporter -->
<testsuite name="com.Test.ExceptionConditionTest" tests="1" time="0.011" ignored="0" failures="0" timestamp="11 Jun 2018 15:47:42 GMT" skipped="0" hostname="HDC0005363" errors="0">
  <testcase name="test" time="0.011" classname="com.Test.ExceptionConditionTest"/>
</testsuite> <!-- com.Test.ExceptionConditionTest -->
