<?xml version="1.0" encoding="UTF-8"?>
<!-- Generated by org.testng.reporters.JUnitReportReporter -->
<testsuite name="com.Test.TestNGFeatures" tests="3" time="0.004" ignored="0" failures="0" timestamp="11 Jun 2018 16:17:51 GMT" skipped="0" hostname="HDC0005363" errors="0">
  <testcase name="searchPage" time="0.001" classname="com.Test.TestNGFeatures"/>
  <testcase name="homePage" time="0.002" classname="com.Test.TestNGFeatures"/>
  <testcase name="login" time="0.001" classname="com.Test.TestNGFeatures"/>
</testsuite> <!-- com.Test.TestNGFeatures -->
