<?xml version="1.0" encoding="UTF-8"?>
<!-- Generated by org.testng.reporters.JUnitReportReporter -->
<testsuite name="com.Test.InvocationCountTest" tests="20" time="0.059" ignored="0" failures="0" timestamp="11 Jun 2018 16:17:51 GMT" skipped="0" hostname="HDC0005363" errors="0">
  <testcase name="sum" time="0.002" classname="com.Test.InvocationCountTest"/>
  <testcase name="sum" time="0.002" classname="com.Test.InvocationCountTest"/>
  <testcase name="sum" time="0.007" classname="com.Test.InvocationCountTest"/>
  <testcase name="sum" time="0.001" classname="com.Test.InvocationCountTest"/>
  <testcase name="sum" time="0.002" classname="com.Test.InvocationCountTest"/>
  <testcase name="sum" time="0.001" classname="com.Test.InvocationCountTest"/>
  <testcase name="sum" time="0.001" classname="com.Test.InvocationCountTest"/>
  <testcase name="sum" time="0.015" classname="com.Test.InvocationCountTest"/>
  <testcase name="sum" time="0.002" classname="com.Test.InvocationCountTest"/>
  <testcase name="sum" time="0.001" classname="com.Test.InvocationCountTest"/>
  <testcase name="sum" time="0.003" classname="com.Test.InvocationCountTest"/>
  <testcase name="sum" time="0.006" classname="com.Test.InvocationCountTest"/>
  <testcase name="sum" time="0.001" classname="com.Test.InvocationCountTest"/>
  <testcase name="sum" time="0.005" classname="com.Test.InvocationCountTest"/>
  <testcase name="sum" time="0.004" classname="com.Test.InvocationCountTest"/>
  <testcase name="sum" time="0.001" classname="com.Test.InvocationCountTest"/>
  <testcase name="sum" time="0.001" classname="com.Test.InvocationCountTest"/>
  <testcase name="sum" time="0.002" classname="com.Test.InvocationCountTest"/>
  <testcase name="sum" time="0.001" classname="com.Test.InvocationCountTest"/>
  <testcase name="sum" time="0.001" classname="com.Test.InvocationCountTest"/>
</testsuite> <!-- com.Test.InvocationCountTest -->
