<?xml version="1.0" encoding="UTF-8"?>
<!-- Generated by org.testng.reporters.JUnitReportReporter -->
<testsuite name="com.Test.ParametersTest" tests="1" time="9.668" ignored="0" failures="0" timestamp="12 Jun 2018 09:41:30 GMT" skipped="0" hostname="HDC0005363" errors="0">
  <testcase name="yahooLoginTest" time="9.668" classname="com.Test.ParametersTest"/>
</testsuite> <!-- com.Test.ParametersTest -->
