<?xml version="1.0" encoding="UTF-8"?>
<!-- Generated by org.testng.reporters.JUnitReportReporter -->
<testsuite name="webdriverBasic.TestCRM" tests="1" time="17.338" ignored="0" failures="0" timestamp="29 Jun 2018 10:54:11 GMT" skipped="0" hostname="HDC0005363" errors="0">
  <testcase name="loginCRM" time="17.338" classname="webdriverBasic.TestCRM"/>
</testsuite> <!-- webdriverBasic.TestCRM -->
